\BOOKMARK [1][-]{section.1}{\376\377\122\115\212\000}{}% 1
\BOOKMARK [2][-]{subsection.1.1}{\376\377\133\346\232\127\122\325\152\137}{section.1}% 2
\BOOKMARK [2][-]{subsection.1.2}{\376\377\133\346\232\127\166\356\166\204}{section.1}% 3
\BOOKMARK [2][-]{subsection.1.3}{\376\377\122\233\133\170\157\024\213\212\166\204\153\167\123\362}{section.1}% 4
\BOOKMARK [2][-]{subsection.1.4}{\376\377\162\133\230\023\220\113\122\325\133\232\137\213\000\050\000N\000e\000w\000t\000o\000n\000'\000s\000\040\000l\000a\000w\000s\000\040\000o\000f\000\040\000m\000o\000t\000i\000o\000n\000\051}{section.1}% 5
\BOOKMARK [1][-]{section.2}{\376\377\133\346\232\127\123\237\164\006}{}% 6
\BOOKMARK [2][-]{subsection.2.1}{\376\377\133\346\232\127\210\335\177\156\127\026}{section.2}% 7
\BOOKMARK [2][-]{subsection.2.2}{\376\377\133\346\232\127\123\303\145\170}{section.2}% 8
\BOOKMARK [2][-]{subsection.2.3}{\376\377\121\154\137\017\143\250\134\016}{section.2}% 9
\BOOKMARK [1][-]{section.3}{\376\377\133\346\232\127\145\271\154\325\000\050\124\053\220\177\121\115\212\244\135\356\116\113\145\271\154\325\123\312\150\041\153\143\000\051}{}% 10
\BOOKMARK [2][-]{subsection.3.1}{\376\377\133\346\232\127\121\000\126\150}{section.3}% 11
\BOOKMARK [2][-]{subsection.3.2}{\376\377\154\064\136\163\216\314\220\123\133\346\232\127\153\145\232\137\000\050\133\346\232\127\000A\060\001\133\346\232\127\000B\000\051}{section.3}% 12
\BOOKMARK [2][-]{subsection.3.3}{\376\377\120\276\145\234\216\314\220\123\133\346\232\127\153\145\232\137\000\050\133\346\232\127\000C\000\051}{section.3}% 13
\BOOKMARK [1][-]{section.4}{\376\377\133\346\232\127\175\120\147\234}{}% 14
\BOOKMARK [2][-]{subsection.4.1}{\376\377\133\346\232\127\000A}{section.4}% 15
\BOOKMARK [2][-]{subsection.4.2}{\376\377\133\346\232\127\000B}{section.4}% 16
\BOOKMARK [2][-]{subsection.4.3}{\376\377\133\346\232\127\000C}{section.4}% 17
\BOOKMARK [1][-]{section.5}{\376\377\212\016\212\326}{}% 18
\BOOKMARK [2][-]{subsection.5.1}{\376\377\133\346\232\127\120\074\202\007\164\006\212\326\120\074\116\113\153\324\217\003}{section.5}% 19
\BOOKMARK [2][-]{subsection.5.2}{\376\377\174\373\175\161\140\047\212\244\135\356\117\206\156\220}{section.5}% 20
\BOOKMARK [2][-]{subsection.5.3}{\376\377\226\250\152\137\140\047\212\244\135\356\117\206\156\220}{section.5}% 21
\BOOKMARK [2][-]{subsection.5.4}{\376\377\123\357\137\375\165\145\116\113\212\244\135\356}{section.5}% 22
\BOOKMARK [2][-]{subsection.5.5}{\376\377\121\166\116\326\212\244\135\356\212\016\212\326}{section.5}% 23
\BOOKMARK [1][-]{section.6}{\376\377\175\120\212\326}{}% 24
